2023-10-03 22:15:29,398 [main] ERROR o.e.m2e.editor.pom.MavenPomEditor - '/Springt0009-1/pom.xml' の URI を識別できません。
org.eclipse.ui.PartInitException: '/Springt0009-1/pom.xml' の URI を識別できません。
	at org.eclipse.ui.texteditor.AbstractTextEditor.internalInit(AbstractTextEditor.java:3198)
	at org.eclipse.ui.texteditor.AbstractTextEditor.init(AbstractTextEditor.java:3209)
	at org.eclipse.ui.part.MultiPageEditorPart.addPage(MultiPageEditorPart.java:224)
	at org.eclipse.ui.forms.editor.FormEditor.addPage(FormEditor.java:331)
	at org.eclipse.ui.part.MultiPageEditorPart.addPage(MultiPageEditorPart.java:203)
	at org.eclipse.ui.forms.editor.FormEditor.addPage(FormEditor.java:313)
	at org.eclipse.m2e.editor.pom.MavenPomEditor.addFallbackEditors(MavenPomEditor.java:361)
	at org.eclipse.m2e.editor.pom.MavenPomEditor.addPages(MavenPomEditor.java:337)
	at org.eclipse.ui.forms.editor.FormEditor.createPages(FormEditor.java:143)
	at org.eclipse.ui.part.MultiPageEditorPart.createPartControl(MultiPageEditorPart.java:333)
	at org.eclipse.ui.internal.e4.compatibility.CompatibilityPart.createPartControl(CompatibilityPart.java:158)
	at org.eclipse.ui.internal.e4.compatibility.CompatibilityEditor.createPartControl(CompatibilityEditor.java:96)
	at org.eclipse.ui.internal.e4.compatibility.CompatibilityPart.create(CompatibilityPart.java:365)
	at java.base/jdk.internal.reflect.NativeMethodAccessorImpl.invoke0(Native Method)
	at java.base/jdk.internal.reflect.NativeMethodAccessorImpl.invoke(NativeMethodAccessorImpl.java:77)
	at java.base/jdk.internal.reflect.DelegatingMethodAccessorImpl.invoke(DelegatingMethodAccessorImpl.java:43)
	at java.base/java.lang.reflect.Method.invoke(Method.java:568)
	at org.eclipse.e4.core.internal.di.MethodRequestor.execute(MethodRequestor.java:58)
	at org.eclipse.e4.core.internal.di.InjectorImpl.processAnnotated(InjectorImpl.java:971)
	at org.eclipse.e4.core.internal.di.InjectorImpl.processAnnotated(InjectorImpl.java:936)
	at org.eclipse.e4.core.internal.di.InjectorImpl.internalInject(InjectorImpl.java:142)
	at org.eclipse.e4.core.internal.di.InjectorImpl.internalMake(InjectorImpl.java:386)
	at org.eclipse.e4.core.internal.di.InjectorImpl.make(InjectorImpl.java:313)
	at org.eclipse.e4.core.contexts.ContextInjectionFactory.make(ContextInjectionFactory.java:202)
	at org.eclipse.e4.ui.internal.workbench.ReflectionContributionFactory.createFromBundle(ReflectionContributionFactory.java:91)
	at org.eclipse.e4.ui.internal.workbench.ReflectionContributionFactory.doCreate(ReflectionContributionFactory.java:60)
	at org.eclipse.e4.ui.internal.workbench.ReflectionContributionFactory.create(ReflectionContributionFactory.java:42)
	at org.eclipse.e4.ui.workbench.renderers.swt.ContributedPartRenderer.createWidget(ContributedPartRenderer.java:132)
	at org.eclipse.e4.ui.internal.workbench.swt.PartRenderingEngine.createWidget(PartRenderingEngine.java:995)
	at org.eclipse.e4.ui.internal.workbench.swt.PartRenderingEngine.safeCreateGui(PartRenderingEngine.java:659)
	at org.eclipse.e4.ui.internal.workbench.swt.PartRenderingEngine.safeCreateGui(PartRenderingEngine.java:763)
	at org.eclipse.e4.ui.internal.workbench.swt.PartRenderingEngine$2.run(PartRenderingEngine.java:728)
	at org.eclipse.core.runtime.SafeRunner.run(SafeRunner.java:45)
	at org.eclipse.e4.ui.internal.workbench.swt.PartRenderingEngine.createGui(PartRenderingEngine.java:712)
	at org.eclipse.e4.ui.workbench.renderers.swt.StackRenderer.showTab(StackRenderer.java:1364)
	at org.eclipse.e4.ui.workbench.renderers.swt.LazyStackRenderer.postProcess(LazyStackRenderer.java:118)
	at org.eclipse.e4.ui.internal.workbench.swt.PartRenderingEngine.safeCreateGui(PartRenderingEngine.java:677)
	at org.eclipse.e4.ui.internal.workbench.swt.PartRenderingEngine.safeCreateGui(PartRenderingEngine.java:763)
	at org.eclipse.e4.ui.internal.workbench.swt.PartRenderingEngine$2.run(PartRenderingEngine.java:728)
	at org.eclipse.core.runtime.SafeRunner.run(SafeRunner.java:45)
	at org.eclipse.e4.ui.internal.workbench.swt.PartRenderingEngine.createGui(PartRenderingEngine.java:712)
	at org.eclipse.e4.ui.workbench.renderers.swt.SWTPartRenderer.processContents(SWTPartRenderer.java:72)
	at org.eclipse.e4.ui.internal.workbench.swt.PartRenderingEngine.safeCreateGui(PartRenderingEngine.java:673)
	at org.eclipse.e4.ui.internal.workbench.swt.PartRenderingEngine$1.run(PartRenderingEngine.java:544)
	at org.eclipse.core.runtime.SafeRunner.run(SafeRunner.java:45)
	at org.eclipse.e4.ui.internal.workbench.swt.PartRenderingEngine.createGui(PartRenderingEngine.java:528)
	at org.eclipse.e4.ui.workbench.renderers.swt.ElementReferenceRenderer.createWidget(ElementReferenceRenderer.java:73)
	at org.eclipse.e4.ui.internal.workbench.swt.PartRenderingEngine.createWidget(PartRenderingEngine.java:995)
	at org.eclipse.e4.ui.internal.workbench.swt.PartRenderingEngine.safeCreateGui(PartRenderingEngine.java:659)
	at org.eclipse.e4.ui.internal.workbench.swt.PartRenderingEngine.safeCreateGui(PartRenderingEngine.java:763)
	at org.eclipse.e4.ui.internal.workbench.swt.PartRenderingEngine$2.run(PartRenderingEngine.java:728)
	at org.eclipse.core.runtime.SafeRunner.run(SafeRunner.java:45)
	at org.eclipse.e4.ui.internal.workbench.swt.PartRenderingEngine.createGui(PartRenderingEngine.java:712)
	at org.eclipse.e4.ui.workbench.renderers.swt.SWTPartRenderer.processContents(SWTPartRenderer.java:72)
	at org.eclipse.e4.ui.workbench.renderers.swt.SashRenderer.processContents(SashRenderer.java:150)
	at org.eclipse.e4.ui.internal.workbench.swt.PartRenderingEngine.safeCreateGui(PartRenderingEngine.java:673)
	at org.eclipse.e4.ui.internal.workbench.swt.PartRenderingEngine.safeCreateGui(PartRenderingEngine.java:763)
	at org.eclipse.e4.ui.internal.workbench.swt.PartRenderingEngine$2.run(PartRenderingEngine.java:728)
	at org.eclipse.core.runtime.SafeRunner.run(SafeRunner.java:45)
	at org.eclipse.e4.ui.internal.workbench.swt.PartRenderingEngine.createGui(PartRenderingEngine.java:712)
	at org.eclipse.e4.ui.workbench.renderers.swt.SWTPartRenderer.processContents(SWTPartRenderer.java:72)
	at org.eclipse.e4.ui.workbench.renderers.swt.SashRenderer.processContents(SashRenderer.java:150)
	at org.eclipse.e4.ui.internal.workbench.swt.PartRenderingEngine.safeCreateGui(PartRenderingEngine.java:673)
	at org.eclipse.e4.ui.internal.workbench.swt.PartRenderingEngine.safeCreateGui(PartRenderingEngine.java:763)
	at org.eclipse.e4.ui.internal.workbench.swt.PartRenderingEngine$2.run(PartRenderingEngine.java:728)
	at org.eclipse.core.runtime.SafeRunner.run(SafeRunner.java:45)
	at org.eclipse.e4.ui.internal.workbench.swt.PartRenderingEngine.createGui(PartRenderingEngine.java:712)
	at org.eclipse.e4.ui.workbench.renderers.swt.SWTPartRenderer.processContents(SWTPartRenderer.java:72)
	at org.eclipse.e4.ui.workbench.renderers.swt.SashRenderer.processContents(SashRenderer.java:150)
	at org.eclipse.e4.ui.internal.workbench.swt.PartRenderingEngine.safeCreateGui(PartRenderingEngine.java:673)
	at org.eclipse.e4.ui.internal.workbench.swt.PartRenderingEngine.safeCreateGui(PartRenderingEngine.java:763)
	at org.eclipse.e4.ui.internal.workbench.swt.PartRenderingEngine$2.run(PartRenderingEngine.java:728)
	at org.eclipse.core.runtime.SafeRunner.run(SafeRunner.java:45)
	at org.eclipse.e4.ui.internal.workbench.swt.PartRenderingEngine.createGui(PartRenderingEngine.java:712)
	at org.eclipse.e4.ui.workbench.renderers.swt.SWTPartRenderer.processContents(SWTPartRenderer.java:72)
	at org.eclipse.e4.ui.workbench.renderers.swt.PerspectiveRenderer.processContents(PerspectiveRenderer.java:51)
	at org.eclipse.e4.ui.internal.workbench.swt.PartRenderingEngine.safeCreateGui(PartRenderingEngine.java:673)
	at org.eclipse.e4.ui.internal.workbench.swt.PartRenderingEngine.safeCreateGui(PartRenderingEngine.java:763)
	at org.eclipse.e4.ui.internal.workbench.swt.PartRenderingEngine$2.run(PartRenderingEngine.java:728)
	at org.eclipse.core.runtime.SafeRunner.run(SafeRunner.java:45)
	at org.eclipse.e4.ui.internal.workbench.swt.PartRenderingEngine.createGui(PartRenderingEngine.java:712)
	at org.eclipse.e4.ui.workbench.renderers.swt.PerspectiveStackRenderer.showTab(PerspectiveStackRenderer.java:82)
	at org.eclipse.e4.ui.workbench.renderers.swt.LazyStackRenderer.postProcess(LazyStackRenderer.java:118)
	at org.eclipse.e4.ui.workbench.renderers.swt.PerspectiveStackRenderer.postProcess(PerspectiveStackRenderer.java:64)
	at org.eclipse.e4.ui.internal.workbench.swt.PartRenderingEngine.safeCreateGui(PartRenderingEngine.java:677)
	at org.eclipse.e4.ui.internal.workbench.swt.PartRenderingEngine.safeCreateGui(PartRenderingEngine.java:763)
	at org.eclipse.e4.ui.internal.workbench.swt.PartRenderingEngine$2.run(PartRenderingEngine.java:728)
	at org.eclipse.core.runtime.SafeRunner.run(SafeRunner.java:45)
	at org.eclipse.e4.ui.internal.workbench.swt.PartRenderingEngine.createGui(PartRenderingEngine.java:712)
	at org.eclipse.e4.ui.workbench.renderers.swt.SWTPartRenderer.processContents(SWTPartRenderer.java:72)
	at org.eclipse.e4.ui.workbench.renderers.swt.SashRenderer.processContents(SashRenderer.java:150)
	at org.eclipse.e4.ui.internal.workbench.swt.PartRenderingEngine.safeCreateGui(PartRenderingEngine.java:673)
	at org.eclipse.e4.ui.internal.workbench.swt.PartRenderingEngine.safeCreateGui(PartRenderingEngine.java:763)
	at org.eclipse.e4.ui.internal.workbench.swt.PartRenderingEngine$2.run(PartRenderingEngine.java:728)
	at org.eclipse.core.runtime.SafeRunner.run(SafeRunner.java:45)
	at org.eclipse.e4.ui.internal.workbench.swt.PartRenderingEngine.createGui(PartRenderingEngine.java:712)
	at org.eclipse.e4.ui.workbench.renderers.swt.SWTPartRenderer.processContents(SWTPartRenderer.java:72)
	at org.eclipse.e4.ui.workbench.renderers.swt.WBWRenderer.processContents(WBWRenderer.java:658)
	at org.eclipse.e4.ui.internal.workbench.swt.PartRenderingEngine.safeCreateGui(PartRenderingEngine.java:673)
	at org.eclipse.e4.ui.internal.workbench.swt.PartRenderingEngine.safeCreateGui(PartRenderingEngine.java:763)
	at org.eclipse.e4.ui.internal.workbench.swt.PartRenderingEngine$2.run(PartRenderingEngine.java:728)
	at org.eclipse.core.runtime.SafeRunner.run(SafeRunner.java:45)
	at org.eclipse.e4.ui.internal.workbench.swt.PartRenderingEngine.createGui(PartRenderingEngine.java:712)
	at org.eclipse.e4.ui.internal.workbench.swt.PartRenderingEngine$5.run(PartRenderingEngine.java:1083)
	at org.eclipse.core.databinding.observable.Realm.runWithDefault(Realm.java:342)
	at org.eclipse.e4.ui.internal.workbench.swt.PartRenderingEngine.run(PartRenderingEngine.java:1046)
	at org.eclipse.e4.ui.internal.workbench.E4Workbench.createAndRunUI(E4Workbench.java:155)
	at org.eclipse.ui.internal.Workbench.lambda$3(Workbench.java:645)
	at org.eclipse.core.databinding.observable.Realm.runWithDefault(Realm.java:342)
	at org.eclipse.ui.internal.Workbench.createAndRunWorkbench(Workbench.java:552)
	at org.eclipse.ui.PlatformUI.createAndRunWorkbench(PlatformUI.java:171)
	at org.eclipse.ui.internal.ide.application.IDEApplication.start(IDEApplication.java:152)
	at org.eclipse.equinox.internal.app.EclipseAppHandle.run(EclipseAppHandle.java:203)
	at org.eclipse.core.runtime.internal.adaptor.EclipseAppLauncher.runApplication(EclipseAppLauncher.java:136)
	at org.eclipse.core.runtime.internal.adaptor.EclipseAppLauncher.start(EclipseAppLauncher.java:104)
	at org.eclipse.core.runtime.adaptor.EclipseStarter.run(EclipseStarter.java:402)
	at org.eclipse.core.runtime.adaptor.EclipseStarter.run(EclipseStarter.java:255)
	at java.base/jdk.internal.reflect.NativeMethodAccessorImpl.invoke0(Native Method)
	at java.base/jdk.internal.reflect.NativeMethodAccessorImpl.invoke(NativeMethodAccessorImpl.java:77)
	at java.base/jdk.internal.reflect.DelegatingMethodAccessorImpl.invoke(DelegatingMethodAccessorImpl.java:43)
	at java.base/java.lang.reflect.Method.invoke(Method.java:568)
	at org.eclipse.equinox.launcher.Main.invokeFramework(Main.java:651)
	at org.eclipse.equinox.launcher.Main.basicRun(Main.java:588)
	at org.eclipse.equinox.launcher.Main.run(Main.java:1459)
Caused by: org.eclipse.core.runtime.CoreException: '/Springt0009-1/pom.xml' の URI を識別できません。
	at org.eclipse.core.internal.filebuffers.ResourceFileBuffer.create(ResourceFileBuffer.java:239)
	at org.eclipse.core.internal.filebuffers.TextFileBufferManager.connect(TextFileBufferManager.java:116)
	at org.eclipse.ui.editors.text.TextFileDocumentProvider.createFileInfo(TextFileDocumentProvider.java:563)
	at org.eclipse.ui.editors.text.TextFileDocumentProvider.connect(TextFileDocumentProvider.java:481)
	at org.eclipse.ui.texteditor.AbstractTextEditor.doSetInput(AbstractTextEditor.java:4177)
	at org.eclipse.ui.texteditor.StatusTextEditor.doSetInput(StatusTextEditor.java:262)
	at org.eclipse.ui.texteditor.AbstractDecoratedTextEditor.doSetInput(AbstractDecoratedTextEditor.java:1474)
	at org.eclipse.ui.editors.text.TextEditor.doSetInput(TextEditor.java:153)
	at org.eclipse.ui.internal.genericeditor.ExtensionBasedTextEditor.doSetInput(ExtensionBasedTextEditor.java:95)
	at org.eclipse.ui.texteditor.AbstractTextEditor.lambda$1(AbstractTextEditor.java:3167)
	at org.eclipse.ui.internal.WorkbenchWindow.run(WorkbenchWindow.java:2291)
	at org.eclipse.ui.texteditor.AbstractTextEditor.internalInit(AbstractTextEditor.java:3184)
	... 123 common frames omitted
2023-10-03 22:15:30,765 [Worker-7: Loading available Gradle versions] INFO  o.e.b.c.i.u.g.PublishedGradleVersions - Gradle version information cache is up-to-date. Trying to read.
2023-10-03 22:18:03,828 [Worker-6: 入門コンテンツのインポート] INFO  o.e.m.c.i.l.LifecycleMappingFactory - Using org.eclipse.m2e.jdt.JarLifecycleMapping lifecycle mapping for MavenProject: com.example:Springt0006:0.0.1-SNAPSHOT @ C:\LetsEngineer\curriculum\JavaStudy\Springt0006\pom.xml.
2023-10-03 22:18:09,825 [Worker-6: 入門コンテンツのインポート] INFO  o.e.m.j.i.AbstractJavaProjectConfigurator - Adding source folder /Springt0006/src/main/java
2023-10-03 22:18:09,827 [Worker-6: 入門コンテンツのインポート] INFO  o.e.m.j.i.AbstractJavaProjectConfigurator - Adding resource folder /Springt0006/src/main/resources
2023-10-03 22:18:09,839 [Worker-6: 入門コンテンツのインポート] INFO  o.e.m.j.i.AbstractJavaProjectConfigurator - Adding resource folder /Springt0006/src/main/resources
2023-10-03 22:18:09,852 [Worker-6: 入門コンテンツのインポート] INFO  o.e.m.j.i.AbstractJavaProjectConfigurator - Adding source folder /Springt0006/src/test/java
2023-10-03 22:18:09,852 [Worker-6: 入門コンテンツのインポート] INFO  o.e.m.j.i.AbstractJavaProjectConfigurator - Adding resource folder /Springt0006/src/test/resources
2023-10-03 22:18:13,491 [Worker-6: 入門コンテンツのインポート] INFO  o.e.m.c.i.p.ProjectConfigurationManager - Imported and configured 1 project(s) in 14 sec
2023-10-03 22:18:13,494 [Worker-6: 入門コンテンツのインポート] INFO  o.e.m.c.i.p.ProjectConfigurationManager - Update started
2023-10-03 22:18:13,807 [Worker-6: 入門コンテンツのインポート] INFO  o.e.m.c.i.l.LifecycleMappingFactory - Using org.eclipse.m2e.jdt.JarLifecycleMapping lifecycle mapping for MavenProject: com.example:Springt0006:0.0.1-SNAPSHOT @ C:\LetsEngineer\curriculum\JavaStudy\Springt0006\pom.xml.
2023-10-03 22:18:14,827 [Worker-6: 入門コンテンツのインポート] INFO  o.e.m.j.i.AbstractJavaProjectConfigurator - Adding source folder /Springt0006/src/main/java
2023-10-03 22:18:14,827 [Worker-6: 入門コンテンツのインポート] INFO  o.e.m.j.i.AbstractJavaProjectConfigurator - Adding resource folder /Springt0006/src/main/resources
2023-10-03 22:18:14,827 [Worker-6: 入門コンテンツのインポート] INFO  o.e.m.j.i.AbstractJavaProjectConfigurator - Adding resource folder /Springt0006/src/main/resources
2023-10-03 22:18:14,828 [Worker-6: 入門コンテンツのインポート] INFO  o.e.m.j.i.AbstractJavaProjectConfigurator - Adding source folder /Springt0006/src/test/java
2023-10-03 22:18:14,828 [Worker-6: 入門コンテンツのインポート] INFO  o.e.m.j.i.AbstractJavaProjectConfigurator - Adding resource folder /Springt0006/src/test/resources
2023-10-03 22:18:15,522 [Worker-6: 入門コンテンツのインポート] INFO  o.e.m.c.i.p.ProjectConfigurationManager - Update completed for 1 poms: local refresh takes 0.00 sec, refresh facades takes 0.00 sec, update config takes 0.00 sec 
2023-10-03 22:22:55,149 [Worker-10: Springt0006 - Springt0006Application の起動] INFO  o.a.m.s.f.DefaultMavenResourcesFiltering - Copying 1 resource from src\main\resources to target\classes
2023-10-03 22:22:55,175 [Worker-10: Springt0006 - Springt0006Application の起動] INFO  o.a.m.s.f.DefaultMavenResourcesFiltering - Copying 2 resources from src\main\resources to target\classes
2023-10-03 22:22:55,191 [Worker-10: Springt0006 - Springt0006Application の起動] INFO  o.a.m.s.f.DefaultMavenResourcesFiltering - skip non existing resourceDirectory C:\LetsEngineer\curriculum\JavaStudy\Springt0006\src\test\resources
2023-10-03 22:25:19,414 [Worker-6: ビルド] INFO  o.e.m.c.i.l.LifecycleMappingFactory - Using org.eclipse.m2e.jdt.JarLifecycleMapping lifecycle mapping for MavenProject: com.example:Springt0006:0.0.1-SNAPSHOT @ C:\LetsEngineer\curriculum\JavaStudy\Springt0006\pom.xml.
2023-10-03 22:25:24,797 [Worker-6: ビルド] INFO  o.e.m.c.i.embedder.EclipseLogger - Using 'UTF-8' encoding to copy filtered resources.
2023-10-03 22:25:24,798 [Worker-6: ビルド] INFO  o.e.m.c.i.embedder.EclipseLogger - Using 'UTF-8' encoding to copy filtered properties files.
2023-10-03 22:25:24,804 [Worker-6: ビルド] INFO  o.e.m.c.i.embedder.EclipseLogger - Copying 1 resource
2023-10-03 22:25:24,834 [Worker-6: ビルド] INFO  o.e.m.c.i.embedder.EclipseLogger - Copying 2 resources
2023-10-03 22:25:24,847 [Worker-6: ビルド] INFO  o.e.m.c.i.embedder.EclipseLogger - Using 'UTF-8' encoding to copy filtered resources.
2023-10-03 22:25:24,848 [Worker-6: ビルド] INFO  o.e.m.c.i.embedder.EclipseLogger - Using 'UTF-8' encoding to copy filtered properties files.
2023-10-03 22:25:24,848 [Worker-6: ビルド] INFO  o.e.m.c.i.embedder.EclipseLogger - skip non existing resourceDirectory C:\LetsEngineer\curriculum\JavaStudy\Springt0006\src\test\resources
2023-10-03 22:25:26,891 [Worker-6: Maven プロジェクトの更新中] INFO  o.e.m.c.i.p.ProjectConfigurationManager - Update started
2023-10-03 22:25:27,259 [Worker-6: Maven プロジェクトの更新中] INFO  o.e.m.c.i.l.LifecycleMappingFactory - Using org.eclipse.m2e.jdt.JarLifecycleMapping lifecycle mapping for MavenProject: com.example:Springt0006:0.0.1-SNAPSHOT @ C:\LetsEngineer\curriculum\JavaStudy\Springt0006\pom.xml.
2023-10-03 22:25:28,273 [Worker-6: Maven プロジェクトの更新中] INFO  o.e.m.j.i.AbstractJavaProjectConfigurator - Adding source folder /Springt0006/src/main/java
2023-10-03 22:25:28,273 [Worker-6: Maven プロジェクトの更新中] INFO  o.e.m.j.i.AbstractJavaProjectConfigurator - Adding resource folder /Springt0006/src/main/resources
2023-10-03 22:25:28,273 [Worker-6: Maven プロジェクトの更新中] INFO  o.e.m.j.i.AbstractJavaProjectConfigurator - Adding resource folder /Springt0006/src/main/resources
2023-10-03 22:25:28,274 [Worker-6: Maven プロジェクトの更新中] INFO  o.e.m.j.i.AbstractJavaProjectConfigurator - Adding source folder /Springt0006/src/test/java
2023-10-03 22:25:28,274 [Worker-6: Maven プロジェクトの更新中] INFO  o.e.m.j.i.AbstractJavaProjectConfigurator - Adding resource folder /Springt0006/src/test/resources
2023-10-03 22:25:28,837 [Worker-6: Maven プロジェクトの更新中] INFO  o.e.m.c.i.p.ProjectConfigurationManager - Update completed for 1 poms: local refresh takes 0.00 sec, refresh facades takes 1.00 sec, update config takes 0.00 sec 
2023-10-03 22:25:29,548 [Worker-4: ビルド] INFO  o.e.m.c.i.embedder.EclipseLogger - Using 'UTF-8' encoding to copy filtered resources.
2023-10-03 22:25:29,549 [Worker-4: ビルド] INFO  o.e.m.c.i.embedder.EclipseLogger - Using 'UTF-8' encoding to copy filtered properties files.
2023-10-03 22:25:29,551 [Worker-4: ビルド] INFO  o.e.m.c.i.embedder.EclipseLogger - Copying 1 resource
2023-10-03 22:25:29,578 [Worker-4: ビルド] INFO  o.e.m.c.i.embedder.EclipseLogger - Copying 2 resources
2023-10-03 22:25:29,594 [Worker-4: ビルド] INFO  o.e.m.c.i.embedder.EclipseLogger - Using 'UTF-8' encoding to copy filtered resources.
2023-10-03 22:25:29,595 [Worker-4: ビルド] INFO  o.e.m.c.i.embedder.EclipseLogger - Using 'UTF-8' encoding to copy filtered properties files.
2023-10-03 22:25:29,595 [Worker-4: ビルド] INFO  o.e.m.c.i.embedder.EclipseLogger - skip non existing resourceDirectory C:\LetsEngineer\curriculum\JavaStudy\Springt0006\src\test\resources
2023-10-03 22:25:30,284 [Worker-4: ビルド] INFO  o.e.m.c.i.l.LifecycleMappingFactory - Using org.eclipse.m2e.jdt.JarLifecycleMapping lifecycle mapping for MavenProject: com.example:handling-form-submission-complete:0.0.1-SNAPSHOT @ C:\LetsEngineer\curriculum\JavaStudy\gs-handling-form-submission-complete\pom.xml.
2023-10-03 22:25:32,278 [Worker-4: ビルド] INFO  o.a.m.s.f.DefaultMavenResourcesFiltering - Copying 0 resource from src\main\resources to target\classes
2023-10-03 22:25:32,278 [Worker-4: ビルド] INFO  o.a.m.s.f.DefaultMavenResourcesFiltering - Copying 2 resources from src\main\resources to target\classes
2023-10-03 22:25:32,293 [Worker-4: ビルド] INFO  o.a.m.s.f.DefaultMavenResourcesFiltering - skip non existing resourceDirectory C:\LetsEngineer\curriculum\JavaStudy\gs-handling-form-submission-complete\src\test\resources
2023-10-03 22:25:32,802 [Worker-4: ビルド] INFO  o.e.m.c.i.l.LifecycleMappingFactory - Using org.eclipse.m2e.jdt.JarLifecycleMapping lifecycle mapping for MavenProject: com.example:handling-form-submission-initial:0.0.1-SNAPSHOT @ C:\LetsEngineer\curriculum\JavaStudy\gs-handling-form-submission-initial\pom.xml.
2023-10-03 22:25:33,341 [Worker-4: ビルド] INFO  o.a.m.s.f.DefaultMavenResourcesFiltering - Copying 1 resource from src\main\resources to target\classes
2023-10-03 22:25:33,358 [Worker-4: ビルド] INFO  o.a.m.s.f.DefaultMavenResourcesFiltering - Copying 0 resource from src\main\resources to target\classes
2023-10-03 22:25:33,363 [Worker-4: ビルド] INFO  o.a.m.s.f.DefaultMavenResourcesFiltering - skip non existing resourceDirectory C:\LetsEngineer\curriculum\JavaStudy\gs-handling-form-submission-initial\src\test\resources
2023-10-03 22:25:33,639 [Worker-4: ビルド] INFO  o.e.m.c.i.l.LifecycleMappingFactory - Using org.eclipse.m2e.jdt.JarLifecycleMapping lifecycle mapping for MavenProject: org.springframework:gs-maven:0.1.0 @ C:\LetsEngineer\curriculum\JavaStudy\gs-maven-complete\pom.xml.
2023-10-03 22:25:34,426 [Worker-4: ビルド] WARN  o.a.m.s.f.DefaultMavenResourcesFiltering - Using platform encoding (MS932 actually) to copy filtered resources, i.e. build is platform dependent!
2023-10-03 22:25:34,428 [Worker-4: ビルド] INFO  o.a.m.s.f.DefaultMavenResourcesFiltering - skip non existing resourceDirectory C:\LetsEngineer\curriculum\JavaStudy\gs-maven-complete\src\main\resources
2023-10-03 22:25:34,432 [Worker-4: ビルド] WARN  o.a.m.s.f.DefaultMavenResourcesFiltering - Using platform encoding (MS932 actually) to copy filtered resources, i.e. build is platform dependent!
2023-10-03 22:25:34,433 [Worker-4: ビルド] INFO  o.a.m.s.f.DefaultMavenResourcesFiltering - skip non existing resourceDirectory C:\LetsEngineer\curriculum\JavaStudy\gs-maven-complete\src\test\resources
2023-10-03 22:25:35,091 [Worker-4: ビルド] INFO  o.e.m.c.i.l.LifecycleMappingFactory - Using org.eclipse.m2e.jdt.JarLifecycleMapping lifecycle mapping for MavenProject: com.example:rest-service-complete:0.0.1-SNAPSHOT @ C:\LetsEngineer\curriculum\JavaStudy\gs-rest-service-complete\pom.xml.
2023-10-03 22:25:35,806 [Worker-4: ビルド] INFO  o.a.m.s.f.DefaultMavenResourcesFiltering - skip non existing resourceDirectory C:\LetsEngineer\curriculum\JavaStudy\gs-rest-service-complete\src\main\resources
2023-10-03 22:25:35,806 [Worker-4: ビルド] INFO  o.a.m.s.f.DefaultMavenResourcesFiltering - skip non existing resourceDirectory C:\LetsEngineer\curriculum\JavaStudy\gs-rest-service-complete\src\main\resources
2023-10-03 22:25:35,811 [Worker-4: ビルド] INFO  o.a.m.s.f.DefaultMavenResourcesFiltering - skip non existing resourceDirectory C:\LetsEngineer\curriculum\JavaStudy\gs-rest-service-complete\src\test\resources
2023-10-03 22:25:36,487 [Worker-4: ビルド] INFO  o.e.m.c.i.l.LifecycleMappingFactory - Using org.eclipse.m2e.jdt.JarLifecycleMapping lifecycle mapping for MavenProject: com.example:springSample:0.0.1-SNAPSHOT @ C:\LetsEngineer\curriculum\JavaStudy\springSample\springSample\pom.xml.
2023-10-03 22:25:37,730 [Worker-4: ビルド] INFO  o.e.m.c.i.embedder.EclipseLogger - Using 'UTF-8' encoding to copy filtered resources.
2023-10-03 22:25:37,730 [Worker-4: ビルド] INFO  o.e.m.c.i.embedder.EclipseLogger - Using 'UTF-8' encoding to copy filtered properties files.
2023-10-03 22:25:37,730 [Worker-4: ビルド] INFO  o.e.m.c.i.embedder.EclipseLogger - Copying 1 resource
2023-10-03 22:25:37,746 [Worker-4: ビルド] INFO  o.e.m.c.i.embedder.EclipseLogger - Copying 0 resource
2023-10-03 22:25:37,752 [Worker-4: ビルド] INFO  o.e.m.c.i.embedder.EclipseLogger - Using 'UTF-8' encoding to copy filtered resources.
2023-10-03 22:25:37,753 [Worker-4: ビルド] INFO  o.e.m.c.i.embedder.EclipseLogger - Using 'UTF-8' encoding to copy filtered properties files.
2023-10-03 22:25:37,753 [Worker-4: ビルド] INFO  o.e.m.c.i.embedder.EclipseLogger - skip non existing resourceDirectory C:\LetsEngineer\curriculum\JavaStudy\springSample\springSample\src\test\resources
2023-10-03 22:25:38,634 [Worker-4: ビルド] INFO  o.e.m.c.i.l.LifecycleMappingFactory - Using org.eclipse.m2e.jdt.JarLifecycleMapping lifecycle mapping for MavenProject: com.example:springSample-2:0.0.1-SNAPSHOT @ C:\LetsEngineer\curriculum\JavaStudy\springSample2\springSample-2\pom.xml.
2023-10-03 22:25:40,005 [Worker-4: ビルド] INFO  o.e.m.c.i.embedder.EclipseLogger - Using 'UTF-8' encoding to copy filtered resources.
2023-10-03 22:25:40,005 [Worker-4: ビルド] INFO  o.e.m.c.i.embedder.EclipseLogger - Using 'UTF-8' encoding to copy filtered properties files.
2023-10-03 22:25:40,006 [Worker-4: ビルド] INFO  o.e.m.c.i.embedder.EclipseLogger - Copying 1 resource
2023-10-03 22:25:40,035 [Worker-4: ビルド] INFO  o.e.m.c.i.embedder.EclipseLogger - Copying 0 resource
2023-10-03 22:25:40,041 [Worker-4: ビルド] INFO  o.e.m.c.i.embedder.EclipseLogger - Using 'UTF-8' encoding to copy filtered resources.
2023-10-03 22:25:40,041 [Worker-4: ビルド] INFO  o.e.m.c.i.embedder.EclipseLogger - Using 'UTF-8' encoding to copy filtered properties files.
2023-10-03 22:25:40,041 [Worker-4: ビルド] INFO  o.e.m.c.i.embedder.EclipseLogger - Copying 0 resource
2023-10-03 22:25:40,637 [Worker-4: ビルド] INFO  o.e.m.c.i.l.LifecycleMappingFactory - Using org.eclipse.m2e.jdt.JarLifecycleMapping lifecycle mapping for MavenProject: com.example:springSample-3:0.0.1-SNAPSHOT @ C:\LetsEngineer\curriculum\JavaStudy\springSample3\springSample-3\pom.xml.
2023-10-03 22:25:41,900 [Worker-4: ビルド] INFO  o.e.m.c.i.embedder.EclipseLogger - Using 'UTF-8' encoding to copy filtered resources.
2023-10-03 22:25:41,900 [Worker-4: ビルド] INFO  o.e.m.c.i.embedder.EclipseLogger - Using 'UTF-8' encoding to copy filtered properties files.
2023-10-03 22:25:41,901 [Worker-4: ビルド] INFO  o.e.m.c.i.embedder.EclipseLogger - Copying 1 resource
2023-10-03 22:25:41,926 [Worker-4: ビルド] INFO  o.e.m.c.i.embedder.EclipseLogger - Copying 2 resources
2023-10-03 22:25:41,940 [Worker-4: ビルド] INFO  o.e.m.c.i.embedder.EclipseLogger - Using 'UTF-8' encoding to copy filtered resources.
2023-10-03 22:25:41,941 [Worker-4: ビルド] INFO  o.e.m.c.i.embedder.EclipseLogger - Using 'UTF-8' encoding to copy filtered properties files.
2023-10-03 22:25:41,941 [Worker-4: ビルド] INFO  o.e.m.c.i.embedder.EclipseLogger - skip non existing resourceDirectory C:\LetsEngineer\curriculum\JavaStudy\springSample3\springSample-3\src\test\resources
2023-10-03 22:26:01,657 [Worker-6: ビルド] INFO  o.e.m.c.i.embedder.EclipseLogger - Using 'UTF-8' encoding to copy filtered resources.
2023-10-03 22:26:01,658 [Worker-6: ビルド] INFO  o.e.m.c.i.embedder.EclipseLogger - Using 'UTF-8' encoding to copy filtered properties files.
2023-10-03 22:26:01,661 [Worker-6: ビルド] INFO  o.e.m.c.i.embedder.EclipseLogger - Copying 1 resource
2023-10-03 22:26:01,668 [Worker-6: ビルド] INFO  o.e.m.c.i.embedder.EclipseLogger - Copying 2 resources
2023-10-03 22:26:01,675 [Worker-6: ビルド] INFO  o.e.m.c.i.embedder.EclipseLogger - Using 'UTF-8' encoding to copy filtered resources.
2023-10-03 22:26:01,675 [Worker-6: ビルド] INFO  o.e.m.c.i.embedder.EclipseLogger - Using 'UTF-8' encoding to copy filtered properties files.
2023-10-03 22:26:01,675 [Worker-6: ビルド] INFO  o.e.m.c.i.embedder.EclipseLogger - skip non existing resourceDirectory C:\LetsEngineer\curriculum\JavaStudy\Springt0006\src\test\resources
2023-10-03 22:26:19,094 [Worker-4: ビルド] INFO  o.e.m.c.i.embedder.EclipseLogger - Using 'UTF-8' encoding to copy filtered resources.
2023-10-03 22:26:19,094 [Worker-4: ビルド] INFO  o.e.m.c.i.embedder.EclipseLogger - Using 'UTF-8' encoding to copy filtered properties files.
2023-10-03 22:26:19,096 [Worker-4: ビルド] INFO  o.e.m.c.i.embedder.EclipseLogger - Copying 1 resource
2023-10-03 22:26:19,105 [Worker-4: ビルド] INFO  o.e.m.c.i.embedder.EclipseLogger - Copying 2 resources
2023-10-03 22:26:19,108 [Worker-4: ビルド] INFO  o.e.m.c.i.embedder.EclipseLogger - Using 'UTF-8' encoding to copy filtered resources.
2023-10-03 22:26:19,109 [Worker-4: ビルド] INFO  o.e.m.c.i.embedder.EclipseLogger - Using 'UTF-8' encoding to copy filtered properties files.
2023-10-03 22:26:19,109 [Worker-4: ビルド] INFO  o.e.m.c.i.embedder.EclipseLogger - skip non existing resourceDirectory C:\LetsEngineer\curriculum\JavaStudy\Springt0006\src\test\resources
2023-10-03 22:30:03,900 [Worker-3: ビルド] INFO  o.e.m.c.i.embedder.EclipseLogger - Using 'UTF-8' encoding to copy filtered resources.
2023-10-03 22:30:03,906 [Worker-3: ビルド] INFO  o.e.m.c.i.embedder.EclipseLogger - Using 'UTF-8' encoding to copy filtered properties files.
2023-10-03 22:30:03,908 [Worker-3: ビルド] INFO  o.e.m.c.i.embedder.EclipseLogger - Copying 1 resource
2023-10-03 22:30:03,917 [Worker-3: ビルド] INFO  o.e.m.c.i.embedder.EclipseLogger - Copying 2 resources
2023-10-03 22:30:03,923 [Worker-3: ビルド] INFO  o.e.m.c.i.embedder.EclipseLogger - Using 'UTF-8' encoding to copy filtered resources.
2023-10-03 22:30:03,923 [Worker-3: ビルド] INFO  o.e.m.c.i.embedder.EclipseLogger - Using 'UTF-8' encoding to copy filtered properties files.
2023-10-03 22:30:03,923 [Worker-3: ビルド] INFO  o.e.m.c.i.embedder.EclipseLogger - skip non existing resourceDirectory C:\LetsEngineer\curriculum\JavaStudy\Springt0006\src\test\resources
2023-10-03 22:31:01,196 [Worker-29: ビルド] INFO  o.e.m.c.i.embedder.EclipseLogger - Using 'UTF-8' encoding to copy filtered resources.
2023-10-03 22:31:01,196 [Worker-29: ビルド] INFO  o.e.m.c.i.embedder.EclipseLogger - Using 'UTF-8' encoding to copy filtered properties files.
2023-10-03 22:31:01,198 [Worker-29: ビルド] INFO  o.e.m.c.i.embedder.EclipseLogger - Copying 1 resource
2023-10-03 22:31:01,207 [Worker-29: ビルド] INFO  o.e.m.c.i.embedder.EclipseLogger - Copying 2 resources
2023-10-03 22:31:01,213 [Worker-29: ビルド] INFO  o.e.m.c.i.embedder.EclipseLogger - Using 'UTF-8' encoding to copy filtered resources.
2023-10-03 22:31:01,214 [Worker-29: ビルド] INFO  o.e.m.c.i.embedder.EclipseLogger - Using 'UTF-8' encoding to copy filtered properties files.
2023-10-03 22:31:01,214 [Worker-29: ビルド] INFO  o.e.m.c.i.embedder.EclipseLogger - skip non existing resourceDirectory C:\LetsEngineer\curriculum\JavaStudy\Springt0006\src\test\resources
2023-10-03 22:31:47,274 [Worker-31: Retrieving catalog resource] INFO  o.a.h.c.h.i.c.HttpRequestRetryExec - Recoverable I/O exception (org.apache.hc.core5.http.NoHttpResponseException) caught when processing request to {s}->https://marketplace.eclipse.org:443
2023-10-03 22:31:47,420 [Worker-17: Retrieving catalog resource] INFO  o.a.h.c.h.i.c.HttpRequestRetryExec - Recoverable I/O exception (org.apache.hc.core5.http.NoHttpResponseException) caught when processing request to {s}->https://marketplace.eclipse.org:443
2023-10-03 22:31:51,325 [Worker-39: Retrieving catalog resource] INFO  o.a.h.c.h.i.c.HttpRequestRetryExec - Recoverable I/O exception (org.apache.hc.core5.http.NoHttpResponseException) caught when processing request to {s}->https://marketplace.eclipse.org:443
2023-10-03 22:31:54,798 [Worker-46: Retrieving catalog resource] INFO  o.a.h.c.h.i.c.HttpRequestRetryExec - Recoverable I/O exception (org.apache.hc.core5.http.NoHttpResponseException) caught when processing request to {s}->https://marketplace.eclipse.org:443
2023-10-04 01:08:43,641 [Worker-91: Retrieving catalog resource] INFO  o.a.h.c.h.i.c.HttpRequestRetryExec - Recoverable I/O exception (org.apache.hc.core5.http.NoHttpResponseException) caught when processing request to {s}->https://marketplace.eclipse.org:443
2023-10-04 01:14:07,041 [Start Help Server] INFO  org.eclipse.jetty.server.Server - jetty-10.0.15; built: 2023-04-11T17:25:14.480Z; git: 68017dbd00236bb7e187330d7585a059610f661d; jvm 17.0.8.1+1
2023-10-04 01:14:07,117 [Start Help Server] INFO  o.e.j.s.s.DefaultSessionIdManager - Session workerName=node0
2023-10-04 01:14:07,194 [Start Help Server] INFO  o.e.j.server.handler.ContextHandler - Started o.e.j.s.ServletContextHandler@73d59b4{/help,null,AVAILABLE}
2023-10-04 01:14:07,233 [Start Help Server] INFO  o.e.jetty.server.AbstractConnector - Started ServerConnector@286615d{HTTP/1.1, (http/1.1)}{127.0.0.1:51335}
2023-10-04 01:14:07,245 [Start Help Server] INFO  org.eclipse.jetty.server.Server - Started Server@1550ce76{STARTING}[10.0.15,sto=0] @10806535ms
2023-10-05 12:11:50,462 [Worker-191: ビルド] ERROR o.e.m.c.i.URLConnectionCaches - Unexpected URLConnection defaultUseCaches enabled
2023-10-05 12:11:56,093 [Worker-191: ビルド] INFO  o.e.m.c.i.embedder.EclipseLogger - Using 'UTF-8' encoding to copy filtered resources.
2023-10-05 12:11:56,096 [Worker-191: ビルド] INFO  o.e.m.c.i.embedder.EclipseLogger - Using 'UTF-8' encoding to copy filtered properties files.
2023-10-05 12:11:56,112 [Worker-191: ビルド] INFO  o.e.m.c.i.embedder.EclipseLogger - Copying 0 resource
2023-10-05 12:11:56,145 [Worker-191: ビルド] INFO  o.e.m.c.i.embedder.EclipseLogger - Copying 1 resource
2023-10-05 12:11:56,161 [Worker-191: ビルド] INFO  o.e.m.c.i.embedder.EclipseLogger - Using 'UTF-8' encoding to copy filtered resources.
2023-10-05 12:11:56,162 [Worker-191: ビルド] INFO  o.e.m.c.i.embedder.EclipseLogger - Using 'UTF-8' encoding to copy filtered properties files.
2023-10-05 12:11:56,162 [Worker-191: ビルド] INFO  o.e.m.c.i.embedder.EclipseLogger - skip non existing resourceDirectory C:\LetsEngineer\curriculum\JavaStudy\Springt0006\src\test\resources
2023-10-05 12:12:46,099 [Worker-196: ビルド] ERROR o.e.m.c.i.URLConnectionCaches - Unexpected URLConnection defaultUseCaches enabled
2023-10-05 12:12:46,270 [Worker-196: ビルド] INFO  o.e.m.c.i.embedder.EclipseLogger - Using 'UTF-8' encoding to copy filtered resources.
2023-10-05 12:12:46,281 [Worker-196: ビルド] INFO  o.e.m.c.i.embedder.EclipseLogger - Using 'UTF-8' encoding to copy filtered properties files.
2023-10-05 12:12:46,283 [Worker-196: ビルド] INFO  o.e.m.c.i.embedder.EclipseLogger - Copying 0 resource
2023-10-05 12:12:46,287 [Worker-196: ビルド] INFO  o.e.m.c.i.embedder.EclipseLogger - Copying 1 resource
2023-10-05 12:12:46,319 [Worker-196: ビルド] INFO  o.e.m.c.i.embedder.EclipseLogger - Using 'UTF-8' encoding to copy filtered resources.
2023-10-05 12:12:46,319 [Worker-196: ビルド] INFO  o.e.m.c.i.embedder.EclipseLogger - Using 'UTF-8' encoding to copy filtered properties files.
2023-10-05 12:12:46,319 [Worker-196: ビルド] INFO  o.e.m.c.i.embedder.EclipseLogger - skip non existing resourceDirectory C:\LetsEngineer\curriculum\JavaStudy\Springt0006\src\test\resources
2023-10-05 12:31:51,671 [Worker-210: ビルド] ERROR o.e.m.c.i.URLConnectionCaches - Unexpected URLConnection defaultUseCaches enabled
2023-10-05 12:31:51,930 [Worker-210: ビルド] INFO  o.e.m.c.i.embedder.EclipseLogger - Using 'UTF-8' encoding to copy filtered resources.
2023-10-05 12:31:51,930 [Worker-210: ビルド] INFO  o.e.m.c.i.embedder.EclipseLogger - Using 'UTF-8' encoding to copy filtered properties files.
2023-10-05 12:31:51,936 [Worker-210: ビルド] INFO  o.e.m.c.i.embedder.EclipseLogger - Copying 0 resource
2023-10-05 12:31:51,941 [Worker-210: ビルド] INFO  o.e.m.c.i.embedder.EclipseLogger - Copying 1 resource
2023-10-05 12:31:51,991 [Worker-210: ビルド] INFO  o.e.m.c.i.embedder.EclipseLogger - Using 'UTF-8' encoding to copy filtered resources.
2023-10-05 12:31:51,991 [Worker-210: ビルド] INFO  o.e.m.c.i.embedder.EclipseLogger - Using 'UTF-8' encoding to copy filtered properties files.
2023-10-05 12:31:51,992 [Worker-210: ビルド] INFO  o.e.m.c.i.embedder.EclipseLogger - skip non existing resourceDirectory C:\LetsEngineer\curriculum\JavaStudy\Springt0006\src\test\resources
2023-10-05 12:33:13,083 [Worker-211: ビルド] ERROR o.e.m.c.i.URLConnectionCaches - Unexpected URLConnection defaultUseCaches enabled
2023-10-05 12:33:13,174 [Worker-211: ビルド] INFO  o.e.m.c.i.embedder.EclipseLogger - Using 'UTF-8' encoding to copy filtered resources.
2023-10-05 12:33:13,175 [Worker-211: ビルド] INFO  o.e.m.c.i.embedder.EclipseLogger - Using 'UTF-8' encoding to copy filtered properties files.
2023-10-05 12:33:13,179 [Worker-211: ビルド] INFO  o.e.m.c.i.embedder.EclipseLogger - Copying 0 resource
2023-10-05 12:33:13,200 [Worker-211: ビルド] INFO  o.e.m.c.i.embedder.EclipseLogger - Copying 1 resource
2023-10-05 12:33:13,234 [Worker-211: ビルド] INFO  o.e.m.c.i.embedder.EclipseLogger - Using 'UTF-8' encoding to copy filtered resources.
2023-10-05 12:33:13,234 [Worker-211: ビルド] INFO  o.e.m.c.i.embedder.EclipseLogger - Using 'UTF-8' encoding to copy filtered properties files.
2023-10-05 12:33:13,234 [Worker-211: ビルド] INFO  o.e.m.c.i.embedder.EclipseLogger - skip non existing resourceDirectory C:\LetsEngineer\curriculum\JavaStudy\Springt0006\src\test\resources
2023-10-05 12:38:26,540 [Stop Help Server] INFO  org.eclipse.jetty.server.Server - Stopped Server@1550ce76{STOPPING}[10.0.15,sto=0]
2023-10-05 12:38:26,671 [Stop Help Server] INFO  o.e.jetty.server.AbstractConnector - Stopped ServerConnector@286615d{HTTP/1.1, (http/1.1)}{127.0.0.1:0}
2023-10-05 12:38:26,923 [Stop Help Server] INFO  o.e.j.server.handler.ContextHandler - Stopped o.e.j.s.ServletContextHandler@73d59b4{/help,null,STOPPED}
2023-10-05 12:40:36,473 [Worker-3: Loading available Gradle versions] INFO  o.e.b.c.i.u.g.PublishedGradleVersions - Gradle version information cache is out-of-date. Trying to update.
2023-10-05 12:41:30,488 [Worker-6: ビルド] INFO  o.e.m.c.i.embedder.EclipseLogger - Using 'UTF-8' encoding to copy filtered resources.
2023-10-05 12:41:30,495 [Worker-6: ビルド] INFO  o.e.m.c.i.embedder.EclipseLogger - Using 'UTF-8' encoding to copy filtered properties files.
2023-10-05 12:41:30,501 [Worker-6: ビルド] INFO  o.e.m.c.i.embedder.EclipseLogger - Copying 1 resource
2023-10-05 12:41:30,564 [Worker-6: ビルド] INFO  o.e.m.c.i.embedder.EclipseLogger - Copying 2 resources
2023-10-05 12:41:30,590 [Worker-6: ビルド] INFO  o.e.m.c.i.embedder.EclipseLogger - Using 'UTF-8' encoding to copy filtered resources.
2023-10-05 12:41:30,590 [Worker-6: ビルド] INFO  o.e.m.c.i.embedder.EclipseLogger - Using 'UTF-8' encoding to copy filtered properties files.
2023-10-05 12:41:30,590 [Worker-6: ビルド] INFO  o.e.m.c.i.embedder.EclipseLogger - skip non existing resourceDirectory C:\LetsEngineer\curriculum\JavaStudy\Springt0006\src\test\resources
2023-10-05 12:46:05,010 [Worker-7: ビルド] INFO  o.e.m.c.i.embedder.EclipseLogger - Using 'UTF-8' encoding to copy filtered resources.
2023-10-05 12:46:05,025 [Worker-7: ビルド] INFO  o.e.m.c.i.embedder.EclipseLogger - Using 'UTF-8' encoding to copy filtered properties files.
2023-10-05 12:46:05,035 [Worker-7: ビルド] INFO  o.e.m.c.i.embedder.EclipseLogger - Copying 0 resource
2023-10-05 12:46:05,039 [Worker-7: ビルド] INFO  o.e.m.c.i.embedder.EclipseLogger - Copying 1 resource
2023-10-05 12:46:05,065 [Worker-7: ビルド] INFO  o.e.m.c.i.embedder.EclipseLogger - Using 'UTF-8' encoding to copy filtered resources.
2023-10-05 12:46:05,065 [Worker-7: ビルド] INFO  o.e.m.c.i.embedder.EclipseLogger - Using 'UTF-8' encoding to copy filtered properties files.
2023-10-05 12:46:05,065 [Worker-7: ビルド] INFO  o.e.m.c.i.embedder.EclipseLogger - skip non existing resourceDirectory C:\LetsEngineer\curriculum\JavaStudy\Springt0006\src\test\resources
2023-10-05 12:46:54,205 [ModalContext] INFO  o.a.h.c.h.i.c.HttpRequestRetryExec - Recoverable I/O exception (org.apache.hc.core5.http.NoHttpResponseException) caught when processing request to {s}->https://marketplace.eclipse.org:443
